INFO:werkzeug: * Running on http://127.0.0.1:12643/ (Press CTRL+C to quit)
INFO:werkzeug: * Restarting with stat
WARNING:werkzeug: * Debugger is active!
INFO:werkzeug: * Debugger PIN: 167-981-297
INFO:werkzeug: * Running on http://127.0.0.1:12643/ (Press CTRL+C to quit)
INFO:werkzeug: * Restarting with stat
WARNING:werkzeug: * Debugger is active!
INFO:werkzeug: * Debugger PIN: 167-981-297
INFO:werkzeug:127.0.0.1 - - [05/Feb/2018 23:51:55] "POST /submit_parsl HTTP/1.1" 500 -
INFO:werkzeug: * Detected change in '/home/oge1/kale/kale/manager.py', reloading
INFO:werkzeug: * Restarting with stat
WARNING:werkzeug: * Debugger is active!
INFO:werkzeug: * Debugger PIN: 167-981-297
INFO:werkzeug: * Detected change in '/home/oge1/kale/kale/serialize.py', reloading
INFO:werkzeug: * Restarting with stat
WARNING:werkzeug: * Debugger is active!
INFO:werkzeug: * Debugger PIN: 167-981-297
INFO:werkzeug: * Running on http://127.0.0.1:12643/ (Press CTRL+C to quit)
INFO:werkzeug: * Restarting with stat
WARNING:werkzeug: * Debugger is active!
INFO:werkzeug: * Debugger PIN: 167-981-297
INFO:werkzeug: * Detected change in '/home/oge1/kale/kale/manager.py', reloading
INFO:werkzeug: * Restarting with stat
INFO:werkzeug: * Running on http://127.0.0.1:12643/ (Press CTRL+C to quit)
INFO:werkzeug: * Restarting with stat
WARNING:werkzeug: * Debugger is active!
INFO:werkzeug: * Debugger PIN: 167-981-297
DEBUG:parsl.dataflow.dflow:Using executor: <parsl.executors.threads.ThreadPoolExecutor object at 0x2aaab70942e8>
DEBUG:root:Creating CommandLineTask.
name = 'link_{partname}'
command = 'mkdir -p {dirname} && ln -s {source} {dest}'
node_cores = '1'
batch = 'True'
log_dir = '/home/oge1/lammps/sapphire/analysis/logs'
node_property = 'node'
poll_interval = '60'

DEBUG:root:Creating CommandLineTask.
name = 'parse_{partname}'
command = '{script} {source} {dest}'
node_cores = '1'
batch = 'True'
log_dir = '/home/oge1/lammps/sapphire/analysis/logs'
node_property = 'node'
poll_interval = '60'

DEBUG:root:Creating CommandLineTask.
name = 'analyze_{partname}'
command = '{script} {source} {dest} {root_cmd}'
node_cores = '1'
batch = 'True'
log_dir = '/home/oge1/lammps/sapphire/analysis/logs'
node_property = 'node'
poll_interval = '60'

DEBUG:requests.packages.urllib3.connectionpool:Starting new HTTP connection (1): localhost
DEBUG:root:Creating CommandLineTask.
name = 'link_Sphere_Sapphire/50A/LJWallHandO/atom1'
command = 'mkdir -p /home/oge1/lammps/sapphire/analysis/data/Sphere_Sapphire/50A/LJWallHandO && ln -s /home/mtsige/Bob/Sub3/50A/LJWallHandO/atom1 /home/oge1/lammps/sapphire/analysis/data/Sphere_Sapphire/50A/LJWallHandO/atom1'
node_cores = '1'
batch = 'True'
log_dir = './kale_logs'
node_property = 'node'
poll_interval = '60'

DEBUG:root:Creating CommandLineTask.
name = 'parse_Sphere_Sapphire/50A/LJWallHandO/atom1'
command = '/home/oge1/lammps/sapphire/analysis/bash/parse_ljwall.sh /home/oge1/lammps/sapphire/analysis/data/Sphere_Sapphire/50A/LJWallHandO/atom1 Sphere_Sapphire/50A/LJWallHandO/atom1'
node_cores = '1'
batch = 'True'
log_dir = './kale_logs'
node_property = 'node'
poll_interval = '60'

DEBUG:root:Creating CommandLineTask.
name = 'analyze_Sphere_Sapphire/50A/LJWallHandO/atom1'
command = '/home/oge1/lammps/sapphire/analysis/bash/analyze.sh /home/oge1/lammps/sapphire/analysis/results/Sphere_Sapphire/50A/LJWallHandO/atom1/calculated.txt Sphere_Sapphire/50A/LJWallHandO/atom1 polarScatter'
node_cores = '1'
batch = 'True'
log_dir = './kale_logs'
node_property = 'node'
poll_interval = '60'

DEBUG:parsl.dataflow.dflow:Using executor: <parsl.executors.threads.ThreadPoolExecutor object at 0x2aaab72c3400>
DEBUG:parsl.dataflow.dflow:Task:0   dep_cnt:0  deps:[]
DEBUG:parsl.dataflow.dflow:Task:1   dep_cnt:0  deps:[]
DEBUG:parsl.dataflow.dflow:Task:0 Launched with AppFut:<AppFuture at 0x2aaab753c5f8 state=running>
DEBUG:parsl.dataflow.dflow:Task:1 Launched with AppFut:<AppFuture at 0x2aaab753c6d8 state=running>
DEBUG:parsl.dataflow.dflow:Task_id:0 COMPLETED with <Future at 0x2aaab753c320 state=finished returned AppFuture>
DEBUG:parsl.dataflow.dflow:Task:2   dep_cnt:1  deps:[<AppFuture at 0x2aaab753c6d8 state=running>]
DEBUG:parsl.dataflow.dflow:Task:2 Launched with AppFut:<AppFuture at 0x2aaab753cb70 state=pending>
DEBUG:root:Created logpath for ./kale_logs/link_Sphere_Sapphire/50A/LJWallHandO/atom1
INFO:root:Run batch job.
    batch_script = '/tmp/tmp.jgmKVIKO2j'
    node_property = '60'
    poll_interval = '60'
    
DEBUG:root:QSUB COMMAND: qsub /tmp/tmp.HXdNkObtzC
INFO:root:Job submitted. Polling success file.
INFO:root:Torque - Looking for job 405621.bethel.bw01.uakron.edu
INFO:root:Found matching job.
INFO:root:Job is running or queued (Q).
DEBUG:root:Job running or queued. Sleeping for 60 seconds.
INFO:root:Torque - Looking for job 405621.bethel.bw01.uakron.edu
WARNING:root:Job 405621.bethel.bw01.uakron.edu not found.
INFO:root:Job not running or queued. Sleeping for 3 seconds.
INFO:root:Checking file '/home/oge1/kale/kale/.watch_job_pj_g0wpx' for hash
DEBUG:root:Message is ''
ERROR:root:Empty message. Job failed.
DEBUG:root:Deleted hash file /home/oge1/kale/kale/.watch_job_pj_g0wpx
INFO:root:Polling complete. run_batch_job finished.
DEBUG:parsl.dataflow.dflow:Task_id:1 COMPLETED with <Future at 0x2aaab753c550 state=finished returned NoneType>
DEBUG:parsl.dataflow.dflow:Task:2 dep:<AppFuture at 0x2aaab753c6d8 state=finished returned NoneType> done:True
DEBUG:parsl.dataflow.dflow:[2] Launching Task
DEBUG:parsl.dataflow.dflow:Task:3   dep_cnt:0  deps:[]
DEBUG:parsl.dataflow.dflow:Task:3 Launched with AppFut:<AppFuture at 0x2aaab753cbe0 state=pending>
DEBUG:parsl.dataflow.dflow:Task_id:2 COMPLETED with <Future at 0x2aaaad6f0b00 state=finished returned AppFuture>
DEBUG:parsl.dataflow.dflow:Task:4   dep_cnt:1  deps:[<AppFuture at 0x2aaab753cbe0 state=running>]
DEBUG:parsl.dataflow.dflow:Task:4 Launched with AppFut:<AppFuture at 0x2aaab753cef0 state=pending>
INFO:werkzeug:127.0.0.1 - - [05/Feb/2018 23:57:48] "POST /submit_parsl HTTP/1.1" 500 -
DEBUG:requests.packages.urllib3.connectionpool:http://localhost:12643 "POST /submit_parsl HTTP/1.1" 500 None
DEBUG:parsl.dataflow.dflow:DFK cleanup initiated
DEBUG:root:Created logpath for ./kale_logs/parse_Sphere_Sapphire/50A/LJWallHandO/atom1
INFO:root:Run batch job.
    batch_script = '/tmp/tmp.5hQe7fDZqo'
    node_property = '60'
    poll_interval = '60'
    
DEBUG:root:QSUB COMMAND: qsub /tmp/tmp.Lu8Z5G2ynq
INFO:root:Job submitted. Polling success file.
INFO:root:Torque - Looking for job 405622.bethel.bw01.uakron.edu
INFO:root:Found matching job.
INFO:root:Job is running or queued (Q).
DEBUG:root:Job running or queued. Sleeping for 60 seconds.
INFO:root:Torque - Looking for job 405622.bethel.bw01.uakron.edu
INFO:root:Found matching job.
INFO:root:Job is running or queued (Q).
DEBUG:root:Job running or queued. Sleeping for 60 seconds.
DEBUG:parsl.dataflow.dflow:Using executor: <parsl.executors.threads.ThreadPoolExecutor object at 0x2b76685579b0>
DEBUG:root:Creating CommandLineTask.
name = 'link_{partname}'
command = 'mkdir -p {dirname} && ln -s {source} {dest}'
node_cores = '1'
batch = 'False'
log_dir = '/home/oge1/lammps/sapphire/analysis/logs'
node_property = 'node'
poll_interval = '60'

DEBUG:root:Creating CommandLineTask.
name = 'parse_{partname}'
command = '{script} {source} {dest}'
node_cores = '1'
batch = 'True'
log_dir = '/home/oge1/lammps/sapphire/analysis/logs'
node_property = 'node'
poll_interval = '60'

DEBUG:root:Creating CommandLineTask.
name = 'analyze_{partname}'
command = '{script} {source} {dest} {root_cmd}'
node_cores = '1'
batch = 'True'
log_dir = '/home/oge1/lammps/sapphire/analysis/logs'
node_property = 'node'
poll_interval = '60'

DEBUG:requests.packages.urllib3.connectionpool:Starting new HTTP connection (1): localhost
DEBUG:root:Creating CommandLineTask.
name = 'link_Sphere_Sapphire/50A/LJWallHandO/atom1'
command = 'mkdir -p /home/oge1/lammps/sapphire/analysis/data/Sphere_Sapphire/50A/LJWallHandO && ln -s /home/mtsige/Bob/Sub3/50A/LJWallHandO/atom1 /home/oge1/lammps/sapphire/analysis/data/Sphere_Sapphire/50A/LJWallHandO/atom1'
node_cores = '1'
batch = 'False'
log_dir = './kale_logs'
node_property = 'node'
poll_interval = '60'

DEBUG:root:Creating CommandLineTask.
name = 'parse_Sphere_Sapphire/50A/LJWallHandO/atom1'
command = '/home/oge1/lammps/sapphire/analysis/bash/parse_ljwall.sh /home/oge1/lammps/sapphire/analysis/data/Sphere_Sapphire/50A/LJWallHandO/atom1 Sphere_Sapphire/50A/LJWallHandO/atom1'
node_cores = '1'
batch = 'True'
log_dir = './kale_logs'
node_property = 'node'
poll_interval = '60'

DEBUG:root:Creating CommandLineTask.
name = 'analyze_Sphere_Sapphire/50A/LJWallHandO/atom1'
command = '/home/oge1/lammps/sapphire/analysis/bash/analyze.sh /home/oge1/lammps/sapphire/analysis/results/Sphere_Sapphire/50A/LJWallHandO/atom1/calculated.txt Sphere_Sapphire/50A/LJWallHandO/atom1 polarScatter'
node_cores = '1'
batch = 'True'
log_dir = './kale_logs'
node_property = 'node'
poll_interval = '60'

DEBUG:parsl.dataflow.dflow:Using executor: <parsl.executors.threads.ThreadPoolExecutor object at 0x2aaab7692198>
DEBUG:parsl.dataflow.dflow:Task:0   dep_cnt:0  deps:[]
DEBUG:parsl.dataflow.dflow:Task:1   dep_cnt:0  deps:[]
DEBUG:parsl.dataflow.dflow:Task:0 Launched with AppFut:<AppFuture at 0x2aaab7692b70 state=running>
DEBUG:parsl.dataflow.dflow:Task:1 Launched with AppFut:<AppFuture at 0x2aaab7692e10 state=running>
DEBUG:parsl.dataflow.dflow:Task_id:0 COMPLETED with <Future at 0x2aaab7692908 state=finished returned AppFuture>
DEBUG:parsl.dataflow.dflow:Task:2   dep_cnt:1  deps:[<AppFuture at 0x2aaab7692e10 state=running>]
DEBUG:parsl.dataflow.dflow:Task:2 Launched with AppFut:<AppFuture at 0x2aaab7692eb8 state=pending>
DEBUG:parsl.dataflow.dflow:Task_id:1 COMPLETED with <Future at 0x2aaab7692ac8 state=finished returned NoneType>
DEBUG:parsl.dataflow.dflow:Task:2 dep:<AppFuture at 0x2aaab7692e10 state=finished returned NoneType> done:True
DEBUG:parsl.dataflow.dflow:[2] Launching Task
DEBUG:parsl.dataflow.dflow:Task:3   dep_cnt:0  deps:[]
DEBUG:parsl.dataflow.dflow:Task:3 Launched with AppFut:<AppFuture at 0x2aaab769d048 state=pending>
DEBUG:parsl.dataflow.dflow:Task_id:2 COMPLETED with <Future at 0x2aaab7692c50 state=finished returned AppFuture>
DEBUG:parsl.dataflow.dflow:Task:4   dep_cnt:1  deps:[<AppFuture at 0x2aaab769d048 state=running>]
DEBUG:parsl.dataflow.dflow:Task:4 Launched with AppFut:<AppFuture at 0x2aaab769d198 state=pending>
INFO:werkzeug:127.0.0.1 - - [05/Feb/2018 23:59:02] "POST /submit_parsl HTTP/1.1" 500 -
DEBUG:requests.packages.urllib3.connectionpool:http://localhost:12643 "POST /submit_parsl HTTP/1.1" 500 None
DEBUG:parsl.dataflow.dflow:DFK cleanup initiated
DEBUG:root:Created logpath for ./kale_logs/parse_Sphere_Sapphire/50A/LJWallHandO/atom1
INFO:root:Run batch job.
    batch_script = '/tmp/tmp.y0ESQ6CqBU'
    node_property = '60'
    poll_interval = '60'
    
DEBUG:root:QSUB COMMAND: qsub /tmp/tmp.rMGnMqyDTw
INFO:root:Job submitted. Polling success file.
INFO:root:Torque - Looking for job 405623.bethel.bw01.uakron.edu
INFO:root:Found matching job.
INFO:root:Job is running or queued (Q).
DEBUG:root:Job running or queued. Sleeping for 60 seconds.
INFO:root:Torque - Looking for job 405622.bethel.bw01.uakron.edu
INFO:root:Found matching job.
INFO:root:Job is running or queued (Q).
DEBUG:root:Job running or queued. Sleeping for 60 seconds.
INFO:werkzeug: * Detected change in '/home/oge1/kale/kale/manager.py', reloading
DEBUG:parsl.dataflow.dflow:DFK cleanup initiated
DEBUG:parsl.dataflow.dflow:DFK cleanup initiated
DEBUG:parsl.dataflow.dflow:Using executor: <parsl.executors.threads.ThreadPoolExecutor object at 0x2aaab72d4e48>
DEBUG:root:Creating CommandLineTask.
name = 'link_{partname}'
command = 'mkdir -p {dirname} && ln -s {source} {dest}'
node_cores = '1'
batch = 'False'
log_dir = '/home/oge1/lammps/sapphire/analysis/logs'
node_property = 'node'
poll_interval = '60'

DEBUG:root:Creating CommandLineTask.
name = 'parse_{partname}'
command = '{script} {source} {dest}'
node_cores = '1'
batch = 'True'
log_dir = '/home/oge1/lammps/sapphire/analysis/logs'
node_property = 'node'
poll_interval = '60'

DEBUG:root:Creating CommandLineTask.
name = 'analyze_{partname}'
command = '{script} {source} {dest} {root_cmd}'
node_cores = '1'
batch = 'True'
log_dir = '/home/oge1/lammps/sapphire/analysis/logs'
node_property = 'node'
poll_interval = '60'

DEBUG:requests.packages.urllib3.connectionpool:Starting new HTTP connection (1): localhost
DEBUG:root:Creating CommandLineTask.
name = 'link_Sphere_Sapphire/50A/LJWallHandO/atom1'
command = 'mkdir -p /home/oge1/lammps/sapphire/analysis/data/Sphere_Sapphire/50A/LJWallHandO && ln -s /home/mtsige/Bob/Sub3/50A/LJWallHandO/atom1 /home/oge1/lammps/sapphire/analysis/data/Sphere_Sapphire/50A/LJWallHandO/atom1'
node_cores = '1'
batch = 'False'
log_dir = './kale_logs'
node_property = 'node'
poll_interval = '60'

DEBUG:root:Creating CommandLineTask.
name = 'parse_Sphere_Sapphire/50A/LJWallHandO/atom1'
command = '/home/oge1/lammps/sapphire/analysis/bash/parse_ljwall.sh /home/oge1/lammps/sapphire/analysis/data/Sphere_Sapphire/50A/LJWallHandO/atom1 Sphere_Sapphire/50A/LJWallHandO/atom1'
node_cores = '1'
batch = 'True'
log_dir = './kale_logs'
node_property = 'node'
poll_interval = '60'

DEBUG:root:Creating CommandLineTask.
name = 'analyze_Sphere_Sapphire/50A/LJWallHandO/atom1'
command = '/home/oge1/lammps/sapphire/analysis/bash/analyze.sh /home/oge1/lammps/sapphire/analysis/results/Sphere_Sapphire/50A/LJWallHandO/atom1/calculated.txt Sphere_Sapphire/50A/LJWallHandO/atom1 polarScatter'
node_cores = '1'
batch = 'True'
log_dir = './kale_logs'
node_property = 'node'
poll_interval = '60'

DEBUG:parsl.dataflow.dflow:Using executor: <parsl.executors.threads.ThreadPoolExecutor object at 0x2aaab77a9630>
DEBUG:parsl.dataflow.dflow:Task:0   dep_cnt:0  deps:[]
DEBUG:parsl.dataflow.dflow:Task:1   dep_cnt:0  deps:[]
DEBUG:parsl.dataflow.dflow:Task:0 Launched with AppFut:<AppFuture at 0x2aaab77d6208 state=running>
DEBUG:parsl.dataflow.dflow:Task:1 Launched with AppFut:<AppFuture at 0x2aaab77d6470 state=running>
DEBUG:parsl.dataflow.dflow:Task_id:0 COMPLETED with <Future at 0x2aaab77a94e0 state=finished returned AppFuture>
DEBUG:parsl.dataflow.dflow:Task:2   dep_cnt:1  deps:[<AppFuture at 0x2aaab77d6470 state=running>]
DEBUG:parsl.dataflow.dflow:Task:2 Launched with AppFut:<AppFuture at 0x2aaab77d6518 state=pending>
DEBUG:parsl.dataflow.dflow:Task_id:1 COMPLETED with <Future at 0x2aaab77d6160 state=finished raised CalledProcessError>
DEBUG:parsl.dataflow.dflow:Task:2 dep:<AppFuture at 0x2aaab77d6470 state=finished raised CalledProcessError> done:True
DEBUG:parsl.dataflow.dflow:[2] Deferring Task due to dependency failure
INFO:werkzeug:127.0.0.1 - - [06/Feb/2018 00:00:01] "POST /submit_parsl HTTP/1.1" 500 -
DEBUG:requests.packages.urllib3.connectionpool:http://localhost:12643 "POST /submit_parsl HTTP/1.1" 500 None
DEBUG:parsl.dataflow.dflow:DFK cleanup initiated
INFO:root:Torque - Looking for job 405623.bethel.bw01.uakron.edu
INFO:root:Found matching job.
INFO:root:Job is running or queued (Q).
DEBUG:root:Job running or queued. Sleeping for 60 seconds.
INFO:werkzeug: * Running on http://127.0.0.1:12643/ (Press CTRL+C to quit)
INFO:werkzeug: * Restarting with stat
WARNING:werkzeug: * Debugger is active!
INFO:werkzeug: * Debugger PIN: 167-981-297
DEBUG:parsl.dataflow.dflow:Using executor: <parsl.executors.threads.ThreadPoolExecutor object at 0x2aaab70942e8>
DEBUG:root:Creating CommandLineTask.
name = 'link_{partname}'
command = 'mkdir -p {dirname} && ln -s {source} {dest}'
node_cores = '1'
batch = 'False'
log_dir = '/home/oge1/lammps/sapphire/analysis/logs'
node_property = 'node'
poll_interval = '60'

DEBUG:root:Creating CommandLineTask.
name = 'parse_{partname}'
command = '{script} {source} {dest}'
node_cores = '1'
batch = 'True'
log_dir = '/home/oge1/lammps/sapphire/analysis/logs'
node_property = 'node'
poll_interval = '60'

DEBUG:root:Creating CommandLineTask.
name = 'analyze_{partname}'
command = '{script} {source} {dest} {root_cmd}'
node_cores = '1'
batch = 'True'
log_dir = '/home/oge1/lammps/sapphire/analysis/logs'
node_property = 'node'
poll_interval = '60'

DEBUG:requests.packages.urllib3.connectionpool:Starting new HTTP connection (1): localhost
DEBUG:root:Creating CommandLineTask.
name = 'link_Sphere_Sapphire/50A/LJWallHandO/atom1'
command = 'mkdir -p /home/oge1/lammps/sapphire/analysis/data/Sphere_Sapphire/50A/LJWallHandO && ln -s /home/mtsige/Bob/Sub3/50A/LJWallHandO/atom1 /home/oge1/lammps/sapphire/analysis/data/Sphere_Sapphire/50A/LJWallHandO/atom1'
node_cores = '1'
batch = 'False'
log_dir = './kale_logs'
node_property = 'node'
poll_interval = '60'

DEBUG:root:Creating CommandLineTask.
name = 'parse_Sphere_Sapphire/50A/LJWallHandO/atom1'
command = '/home/oge1/lammps/sapphire/analysis/bash/parse_ljwall.sh /home/oge1/lammps/sapphire/analysis/data/Sphere_Sapphire/50A/LJWallHandO/atom1 Sphere_Sapphire/50A/LJWallHandO/atom1'
node_cores = '1'
batch = 'True'
log_dir = './kale_logs'
node_property = 'node'
poll_interval = '60'

DEBUG:root:Creating CommandLineTask.
name = 'analyze_Sphere_Sapphire/50A/LJWallHandO/atom1'
command = '/home/oge1/lammps/sapphire/analysis/bash/analyze.sh /home/oge1/lammps/sapphire/analysis/results/Sphere_Sapphire/50A/LJWallHandO/atom1/calculated.txt Sphere_Sapphire/50A/LJWallHandO/atom1 polarScatter'
node_cores = '1'
batch = 'True'
log_dir = './kale_logs'
node_property = 'node'
poll_interval = '60'

DEBUG:parsl.dataflow.dflow:Using executor: <parsl.executors.threads.ThreadPoolExecutor object at 0x2aaab7304518>
DEBUG:parsl.dataflow.dflow:Task:0   dep_cnt:0  deps:[]
DEBUG:parsl.dataflow.dflow:Task:1   dep_cnt:0  deps:[]
DEBUG:parsl.dataflow.dflow:Task:0 Launched with AppFut:<AppFuture at 0x2aaab7574710 state=running>
DEBUG:parsl.dataflow.dflow:Task:1 Launched with AppFut:<AppFuture at 0x2aaab75747b8 state=running>
DEBUG:parsl.dataflow.dflow:Task_id:0 COMPLETED with <Future at 0x2aaab7574438 state=finished returned AppFuture>
DEBUG:parsl.dataflow.dflow:Task:2   dep_cnt:1  deps:[<AppFuture at 0x2aaab75747b8 state=running>]
DEBUG:parsl.dataflow.dflow:Task:2 Launched with AppFut:<AppFuture at 0x2aaab7574ba8 state=pending>
DEBUG:parsl.dataflow.dflow:Task_id:1 COMPLETED with <Future at 0x2aaab7574668 state=finished raised CalledProcessError>
DEBUG:parsl.dataflow.dflow:Task:2 dep:<AppFuture at 0x2aaab75747b8 state=finished raised CalledProcessError> done:True
DEBUG:parsl.dataflow.dflow:[2] Deferring Task due to dependency failure
INFO:werkzeug:127.0.0.1 - - [06/Feb/2018 00:00:17] "POST /submit_parsl HTTP/1.1" 500 -
DEBUG:requests.packages.urllib3.connectionpool:http://localhost:12643 "POST /submit_parsl HTTP/1.1" 500 None
DEBUG:parsl.dataflow.dflow:DFK cleanup initiated
INFO:werkzeug: * Running on http://127.0.0.1:12643/ (Press CTRL+C to quit)
INFO:werkzeug: * Restarting with stat
WARNING:werkzeug: * Debugger is active!
INFO:werkzeug: * Debugger PIN: 167-981-297
DEBUG:parsl.dataflow.dflow:Using executor: <parsl.executors.threads.ThreadPoolExecutor object at 0x2aaab70922e8>
DEBUG:root:Creating CommandLineTask.
name = 'link_{partname}'
command = 'mkdir -p {dirname} && ln -s {source} {dest}'
node_cores = '1'
batch = 'False'
log_dir = '/home/oge1/lammps/sapphire/analysis/logs'
node_property = 'node'
poll_interval = '60'

DEBUG:root:Creating CommandLineTask.
name = 'parse_{partname}'
command = '{script} {source} {dest}'
node_cores = '1'
batch = 'True'
log_dir = '/home/oge1/lammps/sapphire/analysis/logs'
node_property = 'node'
poll_interval = '60'

DEBUG:root:Creating CommandLineTask.
name = 'analyze_{partname}'
command = '{script} {source} {dest} {root_cmd}'
node_cores = '1'
batch = 'True'
log_dir = '/home/oge1/lammps/sapphire/analysis/logs'
node_property = 'node'
poll_interval = '60'

DEBUG:requests.packages.urllib3.connectionpool:Starting new HTTP connection (1): localhost
DEBUG:root:Creating CommandLineTask.
name = 'link_Sphere_Sapphire/50A/LJWallHandO3/atom1'
command = 'mkdir -p /home/oge1/lammps/sapphire/analysis/data/Sphere_Sapphire/50A/LJWallHandO3 && ln -s /home/mtsige/Bob/Sub3/50A/LJWallHandO3/atom1 /home/oge1/lammps/sapphire/analysis/data/Sphere_Sapphire/50A/LJWallHandO3/atom1'
node_cores = '1'
batch = 'False'
log_dir = './kale_logs'
node_property = 'node'
poll_interval = '60'

DEBUG:root:Creating CommandLineTask.
name = 'parse_Sphere_Sapphire/50A/LJWallHandO3/atom1'
command = '/home/oge1/lammps/sapphire/analysis/bash/parse_ljwall.sh /home/oge1/lammps/sapphire/analysis/data/Sphere_Sapphire/50A/LJWallHandO3/atom1 Sphere_Sapphire/50A/LJWallHandO3/atom1'
node_cores = '1'
batch = 'True'
log_dir = './kale_logs'
node_property = 'node'
poll_interval = '60'

DEBUG:root:Creating CommandLineTask.
name = 'analyze_Sphere_Sapphire/50A/LJWallHandO3/atom1'
command = '/home/oge1/lammps/sapphire/analysis/bash/analyze.sh /home/oge1/lammps/sapphire/analysis/results/Sphere_Sapphire/50A/LJWallHandO3/atom1/calculated.txt Sphere_Sapphire/50A/LJWallHandO3/atom1 polarScatter'
node_cores = '1'
batch = 'True'
log_dir = './kale_logs'
node_property = 'node'
poll_interval = '60'

DEBUG:parsl.dataflow.dflow:Using executor: <parsl.executors.threads.ThreadPoolExecutor object at 0x2aaab72c5518>
DEBUG:parsl.dataflow.dflow:Task:0   dep_cnt:0  deps:[]
DEBUG:parsl.dataflow.dflow:Task:1   dep_cnt:0  deps:[]
DEBUG:parsl.dataflow.dflow:Task:0 Launched with AppFut:<AppFuture at 0x2aaab7536668 state=running>
DEBUG:parsl.dataflow.dflow:Task:1 Launched with AppFut:<AppFuture at 0x2aaab7536898 state=running>
DEBUG:parsl.dataflow.dflow:Task_id:0 COMPLETED with <Future at 0x2aaab7536400 state=finished returned AppFuture>
DEBUG:parsl.dataflow.dflow:Task:2   dep_cnt:1  deps:[<AppFuture at 0x2aaab7536898 state=running>]
DEBUG:parsl.dataflow.dflow:Task:2 Launched with AppFut:<AppFuture at 0x2aaab75369e8 state=pending>
DEBUG:parsl.dataflow.dflow:Task_id:1 COMPLETED with <Future at 0x2aaab7536710 state=finished returned NoneType>
DEBUG:parsl.dataflow.dflow:Task:2 dep:<AppFuture at 0x2aaab7536898 state=finished returned NoneType> done:True
DEBUG:parsl.dataflow.dflow:[2] Launching Task
DEBUG:parsl.dataflow.dflow:Task:3   dep_cnt:0  deps:[]
DEBUG:parsl.dataflow.dflow:Task:3 Launched with AppFut:<AppFuture at 0x2aaab7536ba8 state=pending>
DEBUG:parsl.dataflow.dflow:Task_id:2 COMPLETED with <Future at 0x2aaab7536a90 state=finished returned AppFuture>
DEBUG:parsl.dataflow.dflow:Task:4   dep_cnt:1  deps:[<AppFuture at 0x2aaab7536ba8 state=running>]
DEBUG:parsl.dataflow.dflow:Task:4 Launched with AppFut:<AppFuture at 0x2aaab7536c50 state=pending>
INFO:werkzeug:127.0.0.1 - - [06/Feb/2018 00:01:16] "POST /submit_parsl HTTP/1.1" 200 -
DEBUG:requests.packages.urllib3.connectionpool:http://localhost:12643 "POST /submit_parsl HTTP/1.1" 200 19
DEBUG:parsl.dataflow.dflow:DFK cleanup initiated
DEBUG:root:Created logpath for ./kale_logs/parse_Sphere_Sapphire/50A/LJWallHandO3/atom1
INFO:root:Run batch job.
    batch_script = '/tmp/tmp.GGpndb0Vmx'
    node_property = '60'
    poll_interval = '60'
    
DEBUG:root:QSUB COMMAND: qsub /tmp/tmp.gPwuwKoDaP
INFO:root:Job submitted. Polling success file.
INFO:root:Torque - Looking for job 405624.bethel.bw01.uakron.edu
INFO:root:Found matching job.
INFO:root:Job is running or queued (Q).
DEBUG:root:Job running or queued. Sleeping for 60 seconds.
DEBUG:parsl.dataflow.dflow:Using executor: <parsl.executors.threads.ThreadPoolExecutor object at 0x2aaab71152e8>
DEBUG:root:Creating CommandLineTask.
name = 'parse_{partname}'
command = '{script} {source} {dest}'
node_cores = '1'
batch = 'True'
log_dir = '/home/oge1/lammps/sapphire/analysis/logs'
node_property = 'node'
poll_interval = '60'

DEBUG:root:Creating CommandLineTask.
name = 'analyze_{partname}'
command = '{script} {source} {dest} {root_cmd}'
node_cores = '1'
batch = 'True'
log_dir = '/home/oge1/lammps/sapphire/analysis/logs'
node_property = 'node'
poll_interval = '60'

DEBUG:requests.packages.urllib3.connectionpool:Starting new HTTP connection (1): localhost
DEBUG:root:Creating CommandLineTask.
name = 'parse_Sphere_Sapphire/50A/LJWallHandO/atom1'
command = '/home/oge1/lammps/sapphire/analysis/bash/parse_ljwall.sh /home/oge1/lammps/sapphire/analysis/data/Sphere_Sapphire/50A/LJWallHandO/atom1 Sphere_Sapphire/50A/LJWallHandO/atom1'
node_cores = '1'
batch = 'True'
log_dir = './kale_logs'
node_property = 'node'
poll_interval = '60'

DEBUG:root:Creating CommandLineTask.
name = 'analyze_Sphere_Sapphire/50A/LJWallHandO/atom1'
command = '/home/oge1/lammps/sapphire/analysis/bash/analyze.sh /home/oge1/lammps/sapphire/analysis/results/Sphere_Sapphire/50A/LJWallHandO/atom1/calculated.txt Sphere_Sapphire/50A/LJWallHandO/atom1 polarScatter'
node_cores = '1'
batch = 'True'
log_dir = './kale_logs'
node_property = 'node'
poll_interval = '60'

DEBUG:parsl.dataflow.dflow:Using executor: <parsl.executors.threads.ThreadPoolExecutor object at 0x2aaab755f048>
DEBUG:parsl.dataflow.dflow:Task:0   dep_cnt:0  deps:[]
DEBUG:parsl.dataflow.dflow:Task:1   dep_cnt:0  deps:[]
DEBUG:parsl.dataflow.dflow:Task:0 Launched with AppFut:<AppFuture at 0x2aaab755f358 state=running>
DEBUG:parsl.dataflow.dflow:Task:1 Launched with AppFut:<AppFuture at 0x2aaab755f278 state=running>
DEBUG:parsl.dataflow.dflow:Task_id:0 COMPLETED with <Future at 0x2aaab755f588 state=finished returned AppFuture>
DEBUG:parsl.dataflow.dflow:Task:2   dep_cnt:1  deps:[<AppFuture at 0x2aaab755f278 state=running>]
DEBUG:parsl.dataflow.dflow:Task:2 Launched with AppFut:<AppFuture at 0x2aaaad6efbe0 state=pending>
INFO:werkzeug:127.0.0.1 - - [06/Feb/2018 00:02:03] "POST /submit_parsl HTTP/1.1" 200 -
DEBUG:requests.packages.urllib3.connectionpool:http://localhost:12643 "POST /submit_parsl HTTP/1.1" 200 19
DEBUG:parsl.dataflow.dflow:DFK cleanup initiated
DEBUG:root:Created logpath for ./kale_logs/parse_Sphere_Sapphire/50A/LJWallHandO/atom1
INFO:root:Run batch job.
    batch_script = '/tmp/tmp.Eru6jzCPez'
    node_property = '60'
    poll_interval = '60'
    
DEBUG:root:QSUB COMMAND: qsub /tmp/tmp.lFzQC2ymTv
INFO:root:Job submitted. Polling success file.
INFO:root:Torque - Looking for job 405625.bethel.bw01.uakron.edu
INFO:root:Found matching job.
INFO:root:Job is running or queued (Q).
DEBUG:root:Job running or queued. Sleeping for 60 seconds.
INFO:root:Torque - Looking for job 405624.bethel.bw01.uakron.edu
INFO:root:Found matching job.
INFO:root:Job is running or queued (Q).
DEBUG:root:Job running or queued. Sleeping for 60 seconds.
INFO:root:Torque - Looking for job 405625.bethel.bw01.uakron.edu
INFO:root:Found matching job.
INFO:root:Job is running or queued (Q).
DEBUG:root:Job running or queued. Sleeping for 60 seconds.
INFO:root:Torque - Looking for job 405624.bethel.bw01.uakron.edu
INFO:root:Found matching job.
INFO:root:Job is running or queued (Q).
DEBUG:root:Job running or queued. Sleeping for 60 seconds.
INFO:root:Torque - Looking for job 405625.bethel.bw01.uakron.edu
INFO:root:Found matching job.
INFO:root:Job is running or queued (Q).
DEBUG:root:Job running or queued. Sleeping for 60 seconds.
INFO:root:Torque - Looking for job 405624.bethel.bw01.uakron.edu
INFO:root:Found matching job.
INFO:root:Job is running or queued (Q).
DEBUG:root:Job running or queued. Sleeping for 60 seconds.
INFO:root:Torque - Looking for job 405625.bethel.bw01.uakron.edu
INFO:root:Found matching job.
INFO:root:Job is running or queued (Q).
DEBUG:root:Job running or queued. Sleeping for 60 seconds.
INFO:root:Torque - Looking for job 405624.bethel.bw01.uakron.edu
INFO:root:Found matching job.
INFO:root:Job is running or queued (Q).
DEBUG:root:Job running or queued. Sleeping for 60 seconds.
INFO:root:Torque - Looking for job 405625.bethel.bw01.uakron.edu
INFO:root:Found matching job.
INFO:root:Job is running or queued (Q).
DEBUG:root:Job running or queued. Sleeping for 60 seconds.
INFO:root:Torque - Looking for job 405624.bethel.bw01.uakron.edu
INFO:root:Found matching job.
INFO:root:Job is running or queued (Q).
DEBUG:root:Job running or queued. Sleeping for 60 seconds.
INFO:root:Torque - Looking for job 405625.bethel.bw01.uakron.edu
INFO:root:Found matching job.
INFO:root:Job is running or queued (Q).
DEBUG:root:Job running or queued. Sleeping for 60 seconds.
INFO:root:Torque - Looking for job 405624.bethel.bw01.uakron.edu
WARNING:root:Job 405624.bethel.bw01.uakron.edu not found.
INFO:root:Job not running or queued. Sleeping for 3 seconds.
INFO:root:Checking file '/home/oge1/kale/kale/.watch_job_uk8m36xz' for hash
DEBUG:root:Message is ''
ERROR:root:Empty message. Job failed.
DEBUG:root:Deleted hash file /home/oge1/kale/kale/.watch_job_uk8m36xz
INFO:root:Polling complete. run_batch_job finished.
DEBUG:parsl.dataflow.dflow:Task_id:3 COMPLETED with <Future at 0x2aaab75369b0 state=finished returned NoneType>
DEBUG:parsl.dataflow.dflow:Task:4 dep:<AppFuture at 0x2aaab7536ba8 state=finished returned NoneType> done:True
DEBUG:parsl.dataflow.dflow:[4] Launching Task
DEBUG:parsl.dataflow.dflow:Task:5   dep_cnt:0  deps:[]
DEBUG:parsl.dataflow.dflow:Task:5 Launched with AppFut:<AppFuture at 0x2aaab7536f28 state=pending>
DEBUG:parsl.dataflow.dflow:Task_id:4 COMPLETED with <Future at 0x2aaab72c54a8 state=finished returned AppFuture>
DEBUG:root:Created logpath for ./kale_logs/analyze_Sphere_Sapphire/50A/LJWallHandO3/atom1
INFO:root:Run batch job.
    batch_script = '/tmp/tmp.ZqFEg5oNNb'
    node_property = '60'
    poll_interval = '60'
    
DEBUG:root:QSUB COMMAND: qsub /tmp/tmp.J7yHwU20M4
INFO:root:Job submitted. Polling success file.
INFO:root:Torque - Looking for job 405626.bethel.bw01.uakron.edu
INFO:root:Found matching job.
INFO:root:Job is running or queued (Q).
DEBUG:root:Job running or queued. Sleeping for 60 seconds.
DEBUG:parsl.dataflow.dflow:Using executor: <parsl.executors.threads.ThreadPoolExecutor object at 0x2aaab712dfd0>
DEBUG:root:Creating CommandLineTask.
name = 'parse_{partname}'
command = '{script} {source} {dest}'
node_cores = '1'
batch = 'True'
log_dir = '/home/oge1/lammps/sapphire/analysis/logs'
node_property = 'None'
poll_interval = '60'

DEBUG:root:Creating CommandLineTask.
name = 'analyze_{partname}'
command = '{script} {source} {dest} {root_cmd}'
node_cores = '1'
batch = 'True'
log_dir = '/home/oge1/lammps/sapphire/analysis/logs'
node_property = 'None'
poll_interval = '60'

DEBUG:requests.packages.urllib3.connectionpool:Starting new HTTP connection (1): localhost
DEBUG:root:Creating CommandLineTask.
name = 'parse_Sphere_Sapphire/50A/LJWallHandO/atom1'
command = '/home/oge1/lammps/sapphire/analysis/bash/parse_ljwall.sh /home/oge1/lammps/sapphire/analysis/data/Sphere_Sapphire/50A/LJWallHandO/atom1 Sphere_Sapphire/50A/LJWallHandO/atom1'
node_cores = '1'
batch = 'True'
log_dir = './kale_logs'
node_property = 'None'
poll_interval = '60'

DEBUG:root:Creating CommandLineTask.
name = 'analyze_Sphere_Sapphire/50A/LJWallHandO/atom1'
command = '/home/oge1/lammps/sapphire/analysis/bash/analyze.sh /home/oge1/lammps/sapphire/analysis/results/Sphere_Sapphire/50A/LJWallHandO/atom1/calculated.txt Sphere_Sapphire/50A/LJWallHandO/atom1 polarScatter'
node_cores = '1'
batch = 'True'
log_dir = './kale_logs'
node_property = 'None'
poll_interval = '60'

DEBUG:parsl.dataflow.dflow:Using executor: <parsl.executors.threads.ThreadPoolExecutor object at 0x2aaab75730f0>
DEBUG:parsl.dataflow.dflow:Task:0   dep_cnt:0  deps:[]
DEBUG:parsl.dataflow.dflow:Task:1   dep_cnt:0  deps:[]
DEBUG:parsl.dataflow.dflow:Task:0 Launched with AppFut:<AppFuture at 0x2aaab75739e8 state=running>
DEBUG:parsl.dataflow.dflow:Task:1 Launched with AppFut:<AppFuture at 0x2aaab7573ac8 state=running>
DEBUG:parsl.dataflow.dflow:Task_id:0 COMPLETED with <Future at 0x2aaab7573748 state=finished returned AppFuture>
DEBUG:parsl.dataflow.dflow:Task:2   dep_cnt:1  deps:[<AppFuture at 0x2aaab7573ac8 state=running>]
DEBUG:parsl.dataflow.dflow:Task:2 Launched with AppFut:<AppFuture at 0x2aaab7573f60 state=pending>
INFO:werkzeug:127.0.0.1 - - [06/Feb/2018 00:07:51] "POST /submit_parsl HTTP/1.1" 200 -
DEBUG:requests.packages.urllib3.connectionpool:http://localhost:12643 "POST /submit_parsl HTTP/1.1" 200 19
DEBUG:parsl.dataflow.dflow:DFK cleanup initiated
DEBUG:root:Created logpath for ./kale_logs/parse_Sphere_Sapphire/50A/LJWallHandO/atom1
INFO:root:Run batch job.
    batch_script = '/tmp/tmp.Nvqcdm4R1S'
    node_property = '60'
    poll_interval = '60'
    
DEBUG:root:QSUB COMMAND: qsub /tmp/tmp.tknmxuxsGB
INFO:root:Job submitted. Polling success file.
INFO:root:Torque - Looking for job 405627.bethel.bw01.uakron.edu
INFO:root:Found matching job.
INFO:root:Job is running or queued (Q).
DEBUG:root:Job running or queued. Sleeping for 60 seconds.
INFO:root:Torque - Looking for job 405625.bethel.bw01.uakron.edu
WARNING:root:Job 405625.bethel.bw01.uakron.edu not found.
INFO:root:Job not running or queued. Sleeping for 3 seconds.
INFO:root:Checking file '/home/oge1/kale/kale/.watch_job_x3qfovw9' for hash
DEBUG:root:Message is ''
ERROR:root:Empty message. Job failed.
DEBUG:root:Deleted hash file /home/oge1/kale/kale/.watch_job_x3qfovw9
INFO:root:Polling complete. run_batch_job finished.
DEBUG:parsl.dataflow.dflow:Task_id:1 COMPLETED with <Future at 0x2aaab755f400 state=finished returned NoneType>
DEBUG:parsl.dataflow.dflow:Task:2 dep:<AppFuture at 0x2aaab755f278 state=finished returned NoneType> done:True
DEBUG:parsl.dataflow.dflow:[2] Launching Task
DEBUG:parsl.dataflow.dflow:Task:3   dep_cnt:0  deps:[]
DEBUG:parsl.dataflow.dflow:Task:3 Launched with AppFut:<AppFuture at 0x2aaab7536f60 state=pending>
DEBUG:parsl.dataflow.dflow:Task_id:2 COMPLETED with <Future at 0x2aaaabd554a8 state=finished returned AppFuture>
DEBUG:root:Created logpath for ./kale_logs/analyze_Sphere_Sapphire/50A/LJWallHandO/atom1
INFO:root:Run batch job.
    batch_script = '/tmp/tmp.PYiLjF23NJ'
    node_property = '60'
    poll_interval = '60'
    
DEBUG:root:QSUB COMMAND: qsub /tmp/tmp.9I4EvxEhWM
INFO:root:Job submitted. Polling success file.
INFO:root:Torque - Looking for job 405628.bethel.bw01.uakron.edu
INFO:root:Found matching job.
INFO:root:Job is running or queued (Q).
DEBUG:root:Job running or queued. Sleeping for 60 seconds.
INFO:root:Torque - Looking for job 405626.bethel.bw01.uakron.edu
WARNING:root:Job 405626.bethel.bw01.uakron.edu not found.
INFO:root:Job not running or queued. Sleeping for 3 seconds.
INFO:root:Checking file '/home/oge1/kale/kale/.watch_job_ujz7oj02' for hash
DEBUG:root:Message is ''
ERROR:root:Empty message. Job failed.
DEBUG:root:Deleted hash file /home/oge1/kale/kale/.watch_job_ujz7oj02
INFO:root:Polling complete. run_batch_job finished.
DEBUG:parsl.dataflow.dflow:Task_id:5 COMPLETED with <Future at 0x2aaab72c5c50 state=finished returned NoneType>
INFO:root:Torque - Looking for job 405627.bethel.bw01.uakron.edu
WARNING:root:Job 405627.bethel.bw01.uakron.edu not found.
INFO:root:Job not running or queued. Sleeping for 3 seconds.
INFO:root:Checking file '/home/oge1/kale/kale/.watch_job_9oqfmyft' for hash
DEBUG:root:Message is '8c3d37b24b51640db4f94f175003dd75'
INFO:root:Hash correct. Job success.
DEBUG:root:Deleted hash file /home/oge1/kale/kale/.watch_job_9oqfmyft
INFO:root:Polling complete. run_batch_job finished.
DEBUG:parsl.dataflow.dflow:Task_id:1 COMPLETED with <Future at 0x2aaab7573940 state=finished returned NoneType>
DEBUG:parsl.dataflow.dflow:Task:2 dep:<AppFuture at 0x2aaab7573ac8 state=finished returned NoneType> done:True
DEBUG:parsl.dataflow.dflow:[2] Launching Task
DEBUG:parsl.dataflow.dflow:Task:3   dep_cnt:0  deps:[]
DEBUG:parsl.dataflow.dflow:Task:3 Launched with AppFut:<AppFuture at 0x2aaab755fd68 state=pending>
DEBUG:parsl.dataflow.dflow:Task_id:2 COMPLETED with <Future at 0x2aaab755f438 state=finished returned AppFuture>
DEBUG:root:Created logpath for ./kale_logs/analyze_Sphere_Sapphire/50A/LJWallHandO/atom1
INFO:root:Run batch job.
    batch_script = '/tmp/tmp.KPIG3KeYyH'
    node_property = '60'
    poll_interval = '60'
    
DEBUG:root:QSUB COMMAND: qsub /tmp/tmp.W8tY04r4ZJ
INFO:root:Job submitted. Polling success file.
INFO:root:Torque - Looking for job 405629.bethel.bw01.uakron.edu
INFO:root:Found matching job.
INFO:root:Job is running or queued (Q).
DEBUG:root:Job running or queued. Sleeping for 60 seconds.
INFO:root:Torque - Looking for job 405628.bethel.bw01.uakron.edu
WARNING:root:Job 405628.bethel.bw01.uakron.edu not found.
INFO:root:Job not running or queued. Sleeping for 3 seconds.
INFO:root:Checking file '/home/oge1/kale/kale/.watch_job_777sdlkf' for hash
DEBUG:root:Message is ''
ERROR:root:Empty message. Job failed.
DEBUG:root:Deleted hash file /home/oge1/kale/kale/.watch_job_777sdlkf
INFO:root:Polling complete. run_batch_job finished.
DEBUG:parsl.dataflow.dflow:Task_id:3 COMPLETED with <Future at 0x2aaab67c2048 state=finished returned NoneType>
INFO:werkzeug: * Detected change in '/home/oge1/kale/kale/batch_jobs.py', reloading
DEBUG:parsl.dataflow.dflow:DFK cleanup initiated
DEBUG:parsl.dataflow.dflow:DFK cleanup initiated
DEBUG:parsl.dataflow.dflow:DFK cleanup initiated
INFO:root:Torque - Looking for job 405629.bethel.bw01.uakron.edu
WARNING:root:Job 405629.bethel.bw01.uakron.edu not found.
INFO:root:Job not running or queued. Sleeping for 3 seconds.
DEBUG:parsl.dataflow.dflow:Using executor: <parsl.executors.threads.ThreadPoolExecutor object at 0x2aaab72d7390>
DEBUG:root:Creating CommandLineTask.
name = 'parse_{partname}'
command = '{script} {source} {dest}'
node_cores = '1'
batch = 'True'
log_dir = '/home/oge1/lammps/sapphire/analysis/logs'
node_property = 'None'
poll_interval = '60'

DEBUG:root:Creating CommandLineTask.
name = 'analyze_{partname}'
command = '{script} {source} {dest} {root_cmd}'
node_cores = '1'
batch = 'True'
log_dir = '/home/oge1/lammps/sapphire/analysis/logs'
node_property = 'None'
poll_interval = '60'

DEBUG:requests.packages.urllib3.connectionpool:Starting new HTTP connection (1): localhost
DEBUG:root:Creating CommandLineTask.
name = 'parse_Sphere_Sapphire/50A/LJWallHandO/atom1'
command = '/home/oge1/lammps/sapphire/analysis/bash/parse_ljwall.sh /home/oge1/lammps/sapphire/analysis/data/Sphere_Sapphire/50A/LJWallHandO/atom1 Sphere_Sapphire/50A/LJWallHandO/atom1'
node_cores = '1'
batch = 'True'
log_dir = './kale_logs'
node_property = 'None'
poll_interval = '60'

DEBUG:root:Creating CommandLineTask.
name = 'analyze_Sphere_Sapphire/50A/LJWallHandO/atom1'
command = '/home/oge1/lammps/sapphire/analysis/bash/analyze.sh /home/oge1/lammps/sapphire/analysis/results/Sphere_Sapphire/50A/LJWallHandO/atom1/calculated.txt Sphere_Sapphire/50A/LJWallHandO/atom1 polarScatter'
node_cores = '1'
batch = 'True'
log_dir = './kale_logs'
node_property = 'None'
poll_interval = '60'

DEBUG:parsl.dataflow.dflow:Using executor: <parsl.executors.threads.ThreadPoolExecutor object at 0x2aaab72ca080>
DEBUG:parsl.dataflow.dflow:Task:0   dep_cnt:0  deps:[]
DEBUG:parsl.dataflow.dflow:Task:1   dep_cnt:0  deps:[]
DEBUG:parsl.dataflow.dflow:Task:0 Launched with AppFut:<AppFuture at 0x2aaab72ca908 state=running>
DEBUG:parsl.dataflow.dflow:Task:1 Launched with AppFut:<AppFuture at 0x2aaab72ca9e8 state=running>
DEBUG:parsl.dataflow.dflow:Task_id:0 COMPLETED with <Future at 0x2aaab72ca6d8 state=finished returned AppFuture>
DEBUG:parsl.dataflow.dflow:Task:2   dep_cnt:1  deps:[<AppFuture at 0x2aaab72ca9e8 state=running>]
DEBUG:parsl.dataflow.dflow:Task:2 Launched with AppFut:<AppFuture at 0x2aaab72cadd8 state=pending>
INFO:werkzeug:127.0.0.1 - - [06/Feb/2018 00:09:55] "POST /submit_parsl HTTP/1.1" 200 -
DEBUG:requests.packages.urllib3.connectionpool:http://localhost:12643 "POST /submit_parsl HTTP/1.1" 200 19
DEBUG:parsl.dataflow.dflow:DFK cleanup initiated
DEBUG:root:Created logpath for ./kale_logs/parse_Sphere_Sapphire/50A/LJWallHandO/atom1
INFO:root:Run batch job.
    batch_script = '/tmp/tmp.jMT16r246y'
    node_property = '60'
    poll_interval = '60'
    
DEBUG:root:QSUB COMMAND: qsub /tmp/tmp.Y0XSAlSFzu
INFO:root:Job submitted. Polling success file.
INFO:root:Torque - Looking for job 405630.bethel.bw01.uakron.edu
INFO:root:Found matching job.
INFO:root:Job is running or queued (Q).
DEBUG:root:Job running or queued. Sleeping for 60 seconds.
INFO:root:Checking file '/home/oge1/kale/kale/.watch_job_f8lwojwi' for hash
DEBUG:root:Message is '3d159f89f9c48007c8a899fb487b3190'
INFO:root:Hash correct. Job success.
DEBUG:root:Deleted hash file /home/oge1/kale/kale/.watch_job_f8lwojwi
INFO:root:Polling complete. run_batch_job finished.
DEBUG:parsl.dataflow.dflow:Task_id:3 COMPLETED with <Future at 0x2aaab755f2b0 state=finished returned NoneType>
INFO:werkzeug: * Restarting with stat
WARNING:werkzeug: * Debugger is active!
INFO:werkzeug: * Debugger PIN: 167-981-297
DEBUG:parsl.dataflow.dflow:Using executor: <parsl.executors.threads.ThreadPoolExecutor object at 0x2aaab709f898>
DEBUG:root:Creating CommandLineTask.
name = 'parse_{partname}'
command = '{script} {source} {dest}'
node_cores = '1'
batch = 'True'
log_dir = '/home/oge1/lammps/sapphire/analysis/logs'
node_property = 'None'
poll_interval = '60'

DEBUG:root:Creating CommandLineTask.
name = 'analyze_{partname}'
command = '{script} {source} {dest} {root_cmd}'
node_cores = '1'
batch = 'True'
log_dir = '/home/oge1/lammps/sapphire/analysis/logs'
node_property = 'None'
poll_interval = '60'

DEBUG:requests.packages.urllib3.connectionpool:Starting new HTTP connection (1): localhost
DEBUG:root:Creating CommandLineTask.
name = 'parse_Sphere_Sapphire/50A/LJWallHandO/atom1'
command = '/home/oge1/lammps/sapphire/analysis/bash/parse_ljwall.sh /home/oge1/lammps/sapphire/analysis/data/Sphere_Sapphire/50A/LJWallHandO/atom1 Sphere_Sapphire/50A/LJWallHandO/atom1'
node_cores = '1'
batch = 'True'
log_dir = './kale_logs'
node_property = 'None'
poll_interval = '60'

DEBUG:root:Creating CommandLineTask.
name = 'analyze_Sphere_Sapphire/50A/LJWallHandO/atom1'
command = '/home/oge1/lammps/sapphire/analysis/bash/analyze.sh /home/oge1/lammps/sapphire/analysis/results/Sphere_Sapphire/50A/LJWallHandO/atom1/calculated.txt Sphere_Sapphire/50A/LJWallHandO/atom1 polarScatter'
node_cores = '1'
batch = 'True'
log_dir = './kale_logs'
node_property = 'None'
poll_interval = '60'

DEBUG:parsl.dataflow.dflow:Using executor: <parsl.executors.threads.ThreadPoolExecutor object at 0x2aaab72c4518>
DEBUG:parsl.dataflow.dflow:Task:0   dep_cnt:0  deps:[]
DEBUG:parsl.dataflow.dflow:Task:1   dep_cnt:0  deps:[]
DEBUG:parsl.dataflow.dflow:Task:0 Launched with AppFut:<AppFuture at 0x2aaab7542518 state=running>
DEBUG:parsl.dataflow.dflow:Task:1 Launched with AppFut:<AppFuture at 0x2aaab75425c0 state=running>
DEBUG:parsl.dataflow.dflow:Task_id:0 COMPLETED with <Future at 0x2aaab7542240 state=finished returned AppFuture>
DEBUG:parsl.dataflow.dflow:Task:2   dep_cnt:1  deps:[<AppFuture at 0x2aaab75425c0 state=running>]
DEBUG:parsl.dataflow.dflow:Task:2 Launched with AppFut:<AppFuture at 0x2aaab7542a90 state=pending>
INFO:werkzeug:127.0.0.1 - - [06/Feb/2018 00:10:09] "POST /submit_parsl HTTP/1.1" 200 -
DEBUG:requests.packages.urllib3.connectionpool:http://localhost:12643 "POST /submit_parsl HTTP/1.1" 200 19
DEBUG:parsl.dataflow.dflow:DFK cleanup initiated
DEBUG:root:Created logpath for ./kale_logs/parse_Sphere_Sapphire/50A/LJWallHandO/atom1
INFO:root:Run batch job.
    batch_script = '/tmp/tmp.dyR0SRWDSo'
    node_property = '60'
    poll_interval = '60'
    
DEBUG:root:QSUB COMMAND: qsub /tmp/tmp.IcEov54DHF
INFO:root:Job submitted. Polling success file.
INFO:root:Torque - Looking for job 405631.bethel.bw01.uakron.edu
INFO:root:Found matching job.
INFO:root:Job is running or queued (Q).
DEBUG:root:Job running or queued. Sleeping for 60 seconds.
DEBUG:parsl.dataflow.dflow:Using executor: <parsl.executors.threads.ThreadPoolExecutor object at 0x2aaab70922b0>
DEBUG:root:Creating CommandLineTask.
name = 'parse_{partname}'
command = '{script} {source} {dest}'
node_cores = '1'
batch = 'True'
log_dir = '/home/oge1/lammps/sapphire/analysis/logs'
node_property = 'None'
poll_interval = '60'

DEBUG:root:Creating CommandLineTask.
name = 'analyze_{partname}'
command = '{script} {source} {dest} {root_cmd}'
node_cores = '1'
batch = 'True'
log_dir = '/home/oge1/lammps/sapphire/analysis/logs'
node_property = 'None'
poll_interval = '60'

DEBUG:requests.packages.urllib3.connectionpool:Starting new HTTP connection (1): localhost
DEBUG:root:Creating CommandLineTask.
name = 'parse_Sphere_Sapphire/50A/LJWallHandO/atom1'
command = '/home/oge1/lammps/sapphire/analysis/bash/parse_ljwall.sh /home/oge1/lammps/sapphire/analysis/data/Sphere_Sapphire/50A/LJWallHandO/atom1 Sphere_Sapphire/50A/LJWallHandO/atom1'
node_cores = '1'
batch = 'True'
log_dir = './kale_logs'
node_property = 'None'
poll_interval = '60'

DEBUG:root:Creating CommandLineTask.
name = 'analyze_Sphere_Sapphire/50A/LJWallHandO/atom1'
command = '/home/oge1/lammps/sapphire/analysis/bash/analyze.sh /home/oge1/lammps/sapphire/analysis/results/Sphere_Sapphire/50A/LJWallHandO/atom1/calculated.txt Sphere_Sapphire/50A/LJWallHandO/atom1 polarScatter'
node_cores = '1'
batch = 'True'
log_dir = './kale_logs'
node_property = 'None'
poll_interval = '60'

DEBUG:parsl.dataflow.dflow:Using executor: <parsl.executors.threads.ThreadPoolExecutor object at 0x2aaab7542978>
DEBUG:parsl.dataflow.dflow:Task:0   dep_cnt:0  deps:[]
DEBUG:parsl.dataflow.dflow:Task:1   dep_cnt:0  deps:[]
DEBUG:parsl.dataflow.dflow:Task:0 Launched with AppFut:<AppFuture at 0x2aaab7560438 state=running>
DEBUG:parsl.dataflow.dflow:Task:1 Launched with AppFut:<AppFuture at 0x2aaab7560390 state=running>
DEBUG:parsl.dataflow.dflow:Task_id:0 COMPLETED with <Future at 0x2aaab75606a0 state=finished returned AppFuture>
DEBUG:parsl.dataflow.dflow:Task:2   dep_cnt:1  deps:[<AppFuture at 0x2aaab7560390 state=running>]
DEBUG:parsl.dataflow.dflow:Task:2 Launched with AppFut:<AppFuture at 0x2aaab7560198 state=pending>
INFO:werkzeug:127.0.0.1 - - [06/Feb/2018 00:10:35] "POST /submit_parsl HTTP/1.1" 200 -
DEBUG:requests.packages.urllib3.connectionpool:http://localhost:12643 "POST /submit_parsl HTTP/1.1" 200 19
DEBUG:parsl.dataflow.dflow:DFK cleanup initiated
DEBUG:root:Created logpath for ./kale_logs/parse_Sphere_Sapphire/50A/LJWallHandO/atom1
INFO:root:Run batch job.
    batch_script = '/tmp/tmp.4Au2U08p4C'
    node_property = '60'
    poll_interval = '60'
    
DEBUG:root:QSUB COMMAND: qsub /tmp/tmp.NgoY18ARNq
INFO:root:Job submitted. Polling success file.
INFO:root:Torque - Looking for job 405632.bethel.bw01.uakron.edu
INFO:root:Found matching job.
INFO:root:Job is running or queued (Q).
DEBUG:root:Job running or queued. Sleeping for 60 seconds.
DEBUG:parsl.dataflow.dflow:Using executor: <parsl.executors.threads.ThreadPoolExecutor object at 0x2aaab70942e8>
DEBUG:root:Creating CommandLineTask.
name = 'parse_{partname}'
command = '{script} {source} {dest}'
node_cores = '1'
batch = 'True'
log_dir = '/home/oge1/lammps/sapphire/analysis/logs'
node_property = 'None'
poll_interval = '60'

DEBUG:root:Creating CommandLineTask.
name = 'analyze_{partname}'
command = '{script} {source} {dest} {root_cmd}'
node_cores = '1'
batch = 'True'
log_dir = '/home/oge1/lammps/sapphire/analysis/logs'
node_property = 'None'
poll_interval = '60'

DEBUG:requests.packages.urllib3.connectionpool:Starting new HTTP connection (1): localhost
DEBUG:root:Creating CommandLineTask.
name = 'parse_Sphere_Sapphire/50A/LJWallHandO3/atom1'
command = '/home/oge1/lammps/sapphire/analysis/bash/parse_ljwall.sh /home/oge1/lammps/sapphire/analysis/data/Sphere_Sapphire/50A/LJWallHandO3/atom1 Sphere_Sapphire/50A/LJWallHandO3/atom1'
node_cores = '1'
batch = 'True'
log_dir = './kale_logs'
node_property = 'None'
poll_interval = '60'

DEBUG:root:Creating CommandLineTask.
name = 'analyze_Sphere_Sapphire/50A/LJWallHandO3/atom1'
command = '/home/oge1/lammps/sapphire/analysis/bash/analyze.sh /home/oge1/lammps/sapphire/analysis/results/Sphere_Sapphire/50A/LJWallHandO3/atom1/calculated.txt Sphere_Sapphire/50A/LJWallHandO3/atom1 polarScatter'
node_cores = '1'
batch = 'True'
log_dir = './kale_logs'
node_property = 'None'
poll_interval = '60'

DEBUG:parsl.dataflow.dflow:Using executor: <parsl.executors.threads.ThreadPoolExecutor object at 0x2aaab75600f0>
DEBUG:parsl.dataflow.dflow:Task:0   dep_cnt:0  deps:[]
DEBUG:parsl.dataflow.dflow:Task:1   dep_cnt:0  deps:[]
DEBUG:parsl.dataflow.dflow:Task:0 Launched with AppFut:<AppFuture at 0x2aaab756c3c8 state=running>
DEBUG:parsl.dataflow.dflow:Task:1 Launched with AppFut:<AppFuture at 0x2aaab756c470 state=running>
DEBUG:parsl.dataflow.dflow:Task_id:0 COMPLETED with <Future at 0x2aaab756c198 state=finished returned AppFuture>
DEBUG:parsl.dataflow.dflow:Task:2   dep_cnt:1  deps:[<AppFuture at 0x2aaab756c470 state=running>]
DEBUG:parsl.dataflow.dflow:Task:2 Launched with AppFut:<AppFuture at 0x2aaab756c8d0 state=pending>
INFO:werkzeug:127.0.0.1 - - [06/Feb/2018 00:10:43] "POST /submit_parsl HTTP/1.1" 200 -
DEBUG:requests.packages.urllib3.connectionpool:http://localhost:12643 "POST /submit_parsl HTTP/1.1" 200 19
DEBUG:parsl.dataflow.dflow:DFK cleanup initiated
DEBUG:root:Created logpath for ./kale_logs/parse_Sphere_Sapphire/50A/LJWallHandO3/atom1
INFO:root:Run batch job.
    batch_script = '/tmp/tmp.akkziIz8Q3'
    node_property = '60'
    poll_interval = '60'
    
DEBUG:root:QSUB COMMAND: qsub /tmp/tmp.vueQqu5CQR
INFO:root:Job submitted. Polling success file.
INFO:root:Torque - Looking for job 405633.bethel.bw01.uakron.edu
INFO:root:Found matching job.
INFO:root:Job is running or queued (Q).
DEBUG:root:Job running or queued. Sleeping for 60 seconds.
INFO:root:Torque - Looking for job 405631.bethel.bw01.uakron.edu
WARNING:root:Job 405631.bethel.bw01.uakron.edu not found.
INFO:root:Job not running or queued. Sleeping for 3 seconds.
INFO:root:Checking file '/home/oge1/kale/kale/.watch_job_lkbasty_' for hash
DEBUG:root:Message is ''
ERROR:root:Empty message. Job failed.
DEBUG:root:Deleted hash file /home/oge1/kale/kale/.watch_job_lkbasty_
INFO:root:Polling complete. run_batch_job finished.
DEBUG:parsl.dataflow.dflow:Task_id:1 COMPLETED with <Future at 0x2aaab7542470 state=finished returned NoneType>
DEBUG:parsl.dataflow.dflow:Task:2 dep:<AppFuture at 0x2aaab75425c0 state=finished returned NoneType> done:True
DEBUG:parsl.dataflow.dflow:[2] Launching Task
DEBUG:parsl.dataflow.dflow:Task:3   dep_cnt:0  deps:[]
DEBUG:parsl.dataflow.dflow:Task:3 Launched with AppFut:<AppFuture at 0x2aaab7560f60 state=pending>
DEBUG:parsl.dataflow.dflow:Task_id:2 COMPLETED with <Future at 0x2aaab72c4c50 state=finished returned AppFuture>
DEBUG:root:Created logpath for ./kale_logs/analyze_Sphere_Sapphire/50A/LJWallHandO/atom1
INFO:root:Run batch job.
    batch_script = '/tmp/tmp.WrFSJGJmk9'
    node_property = '60'
    poll_interval = '60'
    
DEBUG:root:QSUB COMMAND: qsub /tmp/tmp.jR13iCI7Ai
INFO:root:Job submitted. Polling success file.
INFO:root:Torque - Looking for job 405634.bethel.bw01.uakron.edu
INFO:root:Found matching job.
INFO:root:Job is running or queued (Q).
DEBUG:root:Job running or queued. Sleeping for 60 seconds.
INFO:root:Torque - Looking for job 405632.bethel.bw01.uakron.edu
WARNING:root:Job 405632.bethel.bw01.uakron.edu not found.
INFO:root:Job not running or queued. Sleeping for 3 seconds.
INFO:root:Checking file '/home/oge1/kale/kale/.watch_job_vzp30qs6' for hash
DEBUG:root:Message is '284c5e938c13fa96566ca00a4e2a5408'
INFO:root:Hash correct. Job success.
DEBUG:root:Deleted hash file /home/oge1/kale/kale/.watch_job_vzp30qs6
INFO:root:Polling complete. run_batch_job finished.
DEBUG:parsl.dataflow.dflow:Task_id:1 COMPLETED with <Future at 0x2aaab75604e0 state=finished returned NoneType>
DEBUG:parsl.dataflow.dflow:Task:2 dep:<AppFuture at 0x2aaab7560390 state=finished returned NoneType> done:True
DEBUG:parsl.dataflow.dflow:[2] Launching Task
DEBUG:parsl.dataflow.dflow:Task:3   dep_cnt:0  deps:[]
DEBUG:parsl.dataflow.dflow:Task:3 Launched with AppFut:<AppFuture at 0x2aaab7560f98 state=pending>
DEBUG:parsl.dataflow.dflow:Task_id:2 COMPLETED with <Future at 0x2aaab7560630 state=finished returned AppFuture>
DEBUG:root:Created logpath for ./kale_logs/analyze_Sphere_Sapphire/50A/LJWallHandO/atom1
INFO:root:Run batch job.
    batch_script = '/tmp/tmp.FVwtxAjNmw'
    node_property = '60'
    poll_interval = '60'
    
DEBUG:root:QSUB COMMAND: qsub /tmp/tmp.zKl0yjOo9z
INFO:root:Job submitted. Polling success file.
INFO:root:Torque - Looking for job 405635.bethel.bw01.uakron.edu
INFO:root:Found matching job.
INFO:root:Job is running or queued (Q).
DEBUG:root:Job running or queued. Sleeping for 60 seconds.
INFO:root:Torque - Looking for job 405633.bethel.bw01.uakron.edu
INFO:root:Found matching job.
INFO:root:Job is running or queued (R).
DEBUG:root:Job running or queued. Sleeping for 60 seconds.
INFO:root:Torque - Looking for job 405634.bethel.bw01.uakron.edu
WARNING:root:Job 405634.bethel.bw01.uakron.edu not found.
INFO:root:Job not running or queued. Sleeping for 3 seconds.
INFO:root:Checking file '/home/oge1/kale/kale/.watch_job_0xoc0gvp' for hash
DEBUG:root:Message is '33ad96cbda1a75c394f9eeb4d758c895'
INFO:root:Hash correct. Job success.
DEBUG:root:Deleted hash file /home/oge1/kale/kale/.watch_job_0xoc0gvp
INFO:root:Polling complete. run_batch_job finished.
DEBUG:parsl.dataflow.dflow:Task_id:3 COMPLETED with <Future at 0x2aaab72c44a8 state=finished returned NoneType>
INFO:root:Torque - Looking for job 405635.bethel.bw01.uakron.edu
WARNING:root:Job 405635.bethel.bw01.uakron.edu not found.
INFO:root:Job not running or queued. Sleeping for 3 seconds.
INFO:root:Checking file '/home/oge1/kale/kale/.watch_job_eodgr2rh' for hash
DEBUG:root:Message is '11d79b215b03ff89dd9a20cdc7e7f8db'
INFO:root:Hash correct. Job success.
DEBUG:root:Deleted hash file /home/oge1/kale/kale/.watch_job_eodgr2rh
INFO:root:Polling complete. run_batch_job finished.
DEBUG:parsl.dataflow.dflow:Task_id:3 COMPLETED with <Future at 0x2aaab7560cf8 state=finished returned NoneType>
INFO:root:Torque - Looking for job 405633.bethel.bw01.uakron.edu
WARNING:root:Job 405633.bethel.bw01.uakron.edu not found.
INFO:root:Job not running or queued. Sleeping for 3 seconds.
INFO:root:Checking file '/home/oge1/kale/kale/.watch_job_tyerxx3q' for hash
DEBUG:root:Message is '3ce14eddf4464faebdb2e5ede4e5e7d4'
INFO:root:Hash correct. Job success.
DEBUG:root:Deleted hash file /home/oge1/kale/kale/.watch_job_tyerxx3q
INFO:root:Polling complete. run_batch_job finished.
DEBUG:parsl.dataflow.dflow:Task_id:1 COMPLETED with <Future at 0x2aaab756c320 state=finished returned NoneType>
DEBUG:parsl.dataflow.dflow:Task:2 dep:<AppFuture at 0x2aaab756c470 state=finished returned NoneType> done:True
DEBUG:parsl.dataflow.dflow:[2] Launching Task
DEBUG:parsl.dataflow.dflow:Task:3   dep_cnt:0  deps:[]
DEBUG:parsl.dataflow.dflow:Task:3 Launched with AppFut:<AppFuture at 0x2aaab7542cc0 state=pending>
DEBUG:parsl.dataflow.dflow:Task_id:2 COMPLETED with <Future at 0x2aaab7560d30 state=finished returned AppFuture>
DEBUG:root:Created logpath for ./kale_logs/analyze_Sphere_Sapphire/50A/LJWallHandO3/atom1
INFO:root:Run batch job.
    batch_script = '/tmp/tmp.8RRLg1NCk1'
    node_property = '60'
    poll_interval = '60'
    
DEBUG:root:QSUB COMMAND: qsub /tmp/tmp.dTe4HiWQ84
INFO:root:Job submitted. Polling success file.
INFO:root:Torque - Looking for job 405636.bethel.bw01.uakron.edu
INFO:root:Found matching job.
INFO:root:Job is running or queued (Q).
DEBUG:root:Job running or queued. Sleeping for 60 seconds.
INFO:root:Torque - Looking for job 405636.bethel.bw01.uakron.edu
WARNING:root:Job 405636.bethel.bw01.uakron.edu not found.
INFO:root:Job not running or queued. Sleeping for 3 seconds.
INFO:root:Checking file '/home/oge1/kale/kale/.watch_job_0r0jgjia' for hash
DEBUG:root:Message is 'bf3a0ca7ac2cf75190840f3a882b386b'
INFO:root:Hash correct. Job success.
DEBUG:root:Deleted hash file /home/oge1/kale/kale/.watch_job_0r0jgjia
INFO:root:Polling complete. run_batch_job finished.
DEBUG:parsl.dataflow.dflow:Task_id:3 COMPLETED with <Future at 0x2aaab7560518 state=finished returned NoneType>
